<?xml version="1.0" encoding="UTF-8"?>
<!-- Generated by org.testng.reporters.JUnitReportReporter -->
<testsuite hostname="LAPTOP-S0IS0QVR" failures="0" tests="1" name="Goal.two" time="0.005" errors="0" timestamp="2023-11-03T09:26:16 IST" skipped="0">
  <testcase classname="Goal.two" name="f" time="0.005"/>
  <system-out/>
</testsuite> <!-- Goal.two -->
